
WARNING: apt does not have a stable CLI interface. Use with caution in scripts.

Get:1 http://mirrors.tuna.tsinghua.edu.cn/ros2/ubuntu jammy InRelease [4,682 B]
Get:2 https://mirrors.tuna.tsinghua.edu.cn/ubuntu jammy InRelease [270 kB]
Get:3 http://mirrors.tuna.tsinghua.edu.cn/ros2/ubuntu jammy/main amd64 Packages [1,740 kB]
Get:4 https://mirrors.tuna.tsinghua.edu.cn/ubuntu jammy-backports InRelease [127 kB]
Get:5 https://mirrors.tuna.tsinghua.edu.cn/ubuntu jammy-security InRelease [129 kB]
Get:6 https://mirrors.tuna.tsinghua.edu.cn/ubuntu jammy/restricted amd64 Packages [164 kB]
Get:7 https://mirrors.tuna.tsinghua.edu.cn/ubuntu jammy/multiverse amd64 Packages [266 kB]
Get:8 https://mirrors.tuna.tsinghua.edu.cn/ubuntu jammy/main amd64 Packages [1,792 kB]
Get:9 https://mirrors.tuna.tsinghua.edu.cn/ubuntu jammy/universe amd64 Packages [17.5 MB]
Get:10 https://mirrors.tuna.tsinghua.edu.cn/ubuntu jammy-backports/universe amd64 Packages [37.2 kB]
Get:11 https://mirrors.tuna.tsinghua.edu.cn/ubuntu jammy-backports/main amd64 Packages [83.9 kB]
Get:12 https://mirrors.tuna.tsinghua.edu.cn/ubuntu jammy-security/universe amd64 Packages [1,287 kB]
Get:13 https://mirrors.tuna.tsinghua.edu.cn/ubuntu jammy-security/multiverse amd64 Packages [60.9 kB]
Get:14 https://mirrors.tuna.tsinghua.edu.cn/ubuntu jammy-security/main amd64 Packages [3,634 kB]
Get:15 https://mirrors.tuna.tsinghua.edu.cn/ubuntu jammy-security/restricted amd64 Packages [6,205 kB]
Get:16 https://packages.osrfoundation.org/gazebo/ubuntu-stable jammy InRelease [4,276 B]
Get:17 https://packages.osrfoundation.org/gazebo/ubuntu-stable jammy/main amd64 Packages [133 kB]
Fetched 33.4 MB in 21s (1,615 kB/s)
Reading package lists...
Building dependency tree...
Reading state information...
15 packages can be upgraded. Run 'apt list --upgradable' to see them.
Reading package lists...
Building dependency tree...
Reading state information...
ros-humble-ament-cmake-ros is already the newest version (0.10.0-3jammy.20250718.233533).
The following NEW packages will be installed:
  clang lld lld-14 llvm llvm-dev llvm-runtime ros-humble-ament-lint-auto
  ros-humble-rcutils ros-humble-rosidl-typesupport-interface
0 upgraded, 9 newly installed, 0 to remove and 15 not upgraded.
Need to get 1,370 kB of archives.
After this operation, 5,577 kB of additional disk space will be used.
Get:1 http://mirrors.tuna.tsinghua.edu.cn/ros2/ubuntu jammy/main amd64 ros-humble-ament-lint-auto amd64 0.12.14-1jammy.20250718.225929 [7,956 B]
Get:2 http://mirrors.tuna.tsinghua.edu.cn/ros2/ubuntu jammy/main amd64 ros-humble-rcutils amd64 5.1.8-1jammy.20251217.161419 [88.7 kB]
Get:3 https://mirrors.tuna.tsinghua.edu.cn/ubuntu jammy/universe amd64 clang amd64 1:14.0-55~exp2 [3,558 B]
Get:4 https://mirrors.tuna.tsinghua.edu.cn/ubuntu jammy-security/universe amd64 lld-14 amd64 1:14.0.0-1ubuntu1.1 [1,249 kB]
Get:5 http://mirrors.tuna.tsinghua.edu.cn/ros2/ubuntu jammy/main amd64 ros-humble-rosidl-typesupport-interface amd64 3.1.8-1jammy.20251212.144154 [8,898 B]
Get:6 https://mirrors.tuna.tsinghua.edu.cn/ubuntu jammy/universe amd64 lld amd64 1:14.0-55~exp2 [3,178 B]
Get:7 https://mirrors.tuna.tsinghua.edu.cn/ubuntu jammy/universe amd64 llvm-runtime amd64 1:14.0-55~exp2 [3,204 B]
Get:8 https://mirrors.tuna.tsinghua.edu.cn/ubuntu jammy/universe amd64 llvm amd64 1:14.0-55~exp2 [3,758 B]
Get:9 https://mirrors.tuna.tsinghua.edu.cn/ubuntu jammy/universe amd64 llvm-dev amd64 1:14.0-55~exp2 [1,656 B]
debconf: delaying package configuration, since apt-utils is not installed
Fetched 1,370 kB in 0s (5,097 kB/s)
Selecting previously unselected package clang.
(Reading database ... 
(Reading database ... 5%
(Reading database ... 10%
(Reading database ... 15%
(Reading database ... 20%
(Reading database ... 25%
(Reading database ... 30%
(Reading database ... 35%
(Reading database ... 40%
(Reading database ... 45%
(Reading database ... 50%
(Reading database ... 55%
(Reading database ... 60%
(Reading database ... 65%
(Reading database ... 70%
(Reading database ... 75%
(Reading database ... 80%
(Reading database ... 85%
(Reading database ... 90%
(Reading database ... 95%
(Reading database ... 100%
(Reading database ... 91996 files and directories currently installed.)
Preparing to unpack .../0-clang_1%3a14.0-55~exp2_amd64.deb ...
Unpacking clang (1:14.0-55~exp2) ...
Selecting previously unselected package lld-14.
Preparing to unpack .../1-lld-14_1%3a14.0.0-1ubuntu1.1_amd64.deb ...
Unpacking lld-14 (1:14.0.0-1ubuntu1.1) ...
Selecting previously unselected package lld:amd64.
Preparing to unpack .../2-lld_1%3a14.0-55~exp2_amd64.deb ...
Unpacking lld:amd64 (1:14.0-55~exp2) ...
Selecting previously unselected package llvm-runtime:amd64.
Preparing to unpack .../3-llvm-runtime_1%3a14.0-55~exp2_amd64.deb ...
Unpacking llvm-runtime:amd64 (1:14.0-55~exp2) ...
Selecting previously unselected package llvm.
Preparing to unpack .../4-llvm_1%3a14.0-55~exp2_amd64.deb ...
Unpacking llvm (1:14.0-55~exp2) ...
Selecting previously unselected package llvm-dev.
Preparing to unpack .../5-llvm-dev_1%3a14.0-55~exp2_amd64.deb ...
Unpacking llvm-dev (1:14.0-55~exp2) ...
Selecting previously unselected package ros-humble-ament-lint-auto.
Preparing to unpack .../6-ros-humble-ament-lint-auto_0.12.14-1jammy.20250718.225929_amd64.deb ...
Unpacking ros-humble-ament-lint-auto (0.12.14-1jammy.20250718.225929) ...
Selecting previously unselected package ros-humble-rcutils.
Preparing to unpack .../7-ros-humble-rcutils_5.1.8-1jammy.20251217.161419_amd64.deb ...
Unpacking ros-humble-rcutils (5.1.8-1jammy.20251217.161419) ...
Selecting previously unselected package ros-humble-rosidl-typesupport-interface.
Preparing to unpack .../8-ros-humble-rosidl-typesupport-interface_3.1.8-1jammy.20251212.144154_amd64.deb ...
Unpacking ros-humble-rosidl-typesupport-interface (3.1.8-1jammy.20251212.144154) ...
Setting up ros-humble-rosidl-typesupport-interface (3.1.8-1jammy.20251212.144154) ...
Setting up ros-humble-ament-lint-auto (0.12.14-1jammy.20250718.225929) ...
Setting up clang (1:14.0-55~exp2) ...
Setting up llvm-runtime:amd64 (1:14.0-55~exp2) ...
Setting up ros-humble-rcutils (5.1.8-1jammy.20251217.161419) ...
Setting up llvm (1:14.0-55~exp2) ...
Setting up lld-14 (1:14.0.0-1ubuntu1.1) ...
Setting up llvm-dev (1:14.0-55~exp2) ...
Setting up lld:amd64 (1:14.0-55~exp2) ...
Starting >>> ament_package
Starting >>> ament_lint
Starting >>> gtest_vendor
Starting >>> ament_pycodestyle
Starting >>> ament_cppcheck
Starting >>> osrf_pycommon
Starting >>> google_benchmark_vendor
Starting >>> osrf_testing_tools_cpp
--- stderr: gtest_vendor
CMake Warning:
  Manually-specified variables were not used by the project:

    BUILD_TESTING
    CMAKE_CXX_COMPILER
    CMAKE_CXX_FLAGS
    CMAKE_C_COMPILER
    CMAKE_C_FLAGS
    CMAKE_EXE_LINKER_FLAGS
    CMAKE_SHARED_LINKER_FLAGS
    ROSIDL_RUNTIME_C_ENABLE_FUZZ


---
Finished <<< gtest_vendor [0.61s]
Starting >>> gmock_vendor
--- stderr: gmock_vendor
CMake Warning:
  Manually-specified variables were not used by the project:

    BUILD_TESTING
    CMAKE_CXX_COMPILER
    CMAKE_CXX_FLAGS
    CMAKE_C_COMPILER
    CMAKE_C_FLAGS
    CMAKE_EXE_LINKER_FLAGS
    CMAKE_SHARED_LINKER_FLAGS
    ROSIDL_RUNTIME_C_ENABLE_FUZZ


---
Finished <<< gmock_vendor [0.13s]
Finished <<< ament_lint [1.07s]
Starting >>> ament_flake8
Finished <<< ament_cppcheck [1.21s]
Finished <<< ament_pycodestyle [1.22s]
Finished <<< ament_package [1.24s]
Finished <<< osrf_pycommon [1.23s]
Starting >>> ament_cmake_core
--- stderr: ament_cmake_core
CMake Warning:
  Manually-specified variables were not used by the project:

    CMAKE_CXX_COMPILER
    CMAKE_CXX_FLAGS
    CMAKE_C_COMPILER
    CMAKE_C_FLAGS
    CMAKE_EXE_LINKER_FLAGS
    CMAKE_SHARED_LINKER_FLAGS
    ROSIDL_RUNTIME_C_ENABLE_FUZZ


---
Finished <<< ament_cmake_core [0.53s]
Starting >>> ament_cmake_python
Starting >>> ament_cmake_libraries
Starting >>> ament_cmake_export_libraries
Starting >>> ament_cmake_include_directories
Starting >>> ament_cmake_export_definitions
Starting >>> ament_cmake_export_include_directories
Starting >>> ament_cmake_export_link_flags
Starting >>> ament_cmake_version
Finished <<< ament_flake8 [0.90s]
Starting >>> ament_pep257
--- stderr: ament_cmake_export_libraries
CMake Warning:
  Manually-specified variables were not used by the project:

    CMAKE_CXX_COMPILER
    CMAKE_CXX_FLAGS
    CMAKE_C_COMPILER
    CMAKE_C_FLAGS
    CMAKE_EXE_LINKER_FLAGS
    CMAKE_SHARED_LINKER_FLAGS
    ROSIDL_RUNTIME_C_ENABLE_FUZZ


---
Finished <<< ament_cmake_export_libraries [0.72s]
Starting >>> ament_cmake_export_interfaces
Starting >>> ament_cmake_export_targets
--- stderr: ament_cmake_version
CMake Warning:
  Manually-specified variables were not used by the project:

    CMAKE_CXX_COMPILER
    CMAKE_CXX_FLAGS
    CMAKE_C_COMPILER
    CMAKE_C_FLAGS
    CMAKE_EXE_LINKER_FLAGS
    CMAKE_SHARED_LINKER_FLAGS
    ROSIDL_RUNTIME_C_ENABLE_FUZZ


---
Finished <<< ament_cmake_version [0.72s]
--- stderr: ament_cmake_libraries
CMake Warning:
  Manually-specified variables were not used by the project:

    CMAKE_CXX_COMPILER
    CMAKE_CXX_FLAGS
    CMAKE_C_COMPILER
    CMAKE_C_FLAGS
    CMAKE_EXE_LINKER_FLAGS
    CMAKE_SHARED_LINKER_FLAGS
    ROSIDL_RUNTIME_C_ENABLE_FUZZ


---
Finished <<< ament_cmake_libraries [0.78s]
--- stderr: ament_cmake_export_include_directories
CMake Warning:
  Manually-specified variables were not used by the project:

    CMAKE_CXX_COMPILER
    CMAKE_CXX_FLAGS
    CMAKE_C_COMPILER
    CMAKE_C_FLAGS
    CMAKE_EXE_LINKER_FLAGS
    CMAKE_SHARED_LINKER_FLAGS
    ROSIDL_RUNTIME_C_ENABLE_FUZZ


---
Finished <<< ament_cmake_export_include_directories [0.76s]
Starting >>> ament_cmake_export_dependencies
--- stderr: ament_cmake_python
CMake Warning:
  Manually-specified variables were not used by the project:

    CMAKE_CXX_COMPILER
    CMAKE_CXX_FLAGS
    CMAKE_C_COMPILER
    CMAKE_C_FLAGS
    CMAKE_EXE_LINKER_FLAGS
    CMAKE_SHARED_LINKER_FLAGS
    ROSIDL_RUNTIME_C_ENABLE_FUZZ


---
Finished <<< ament_cmake_python [0.83s]
--- stderr: ament_cmake_export_link_flags
CMake Warning:
  Manually-specified variables were not used by the project:

    CMAKE_CXX_COMPILER
    CMAKE_CXX_FLAGS
    CMAKE_C_COMPILER
    CMAKE_C_FLAGS
    CMAKE_EXE_LINKER_FLAGS
    CMAKE_SHARED_LINKER_FLAGS
    ROSIDL_RUNTIME_C_ENABLE_FUZZ


---
Finished <<< ament_cmake_export_link_flags [0.81s]
--- stderr: ament_cmake_export_definitions
CMake Warning:
  Manually-specified variables were not used by the project:

    CMAKE_CXX_COMPILER
    CMAKE_CXX_FLAGS
    CMAKE_C_COMPILER
    CMAKE_C_FLAGS
    CMAKE_EXE_LINKER_FLAGS
    CMAKE_SHARED_LINKER_FLAGS
    ROSIDL_RUNTIME_C_ENABLE_FUZZ


---
Finished <<< ament_cmake_export_definitions [0.84s]
Starting >>> ament_cmake_test
--- stderr: ament_cmake_include_directories
CMake Warning:
  Manually-specified variables were not used by the project:

    CMAKE_CXX_COMPILER
    CMAKE_CXX_FLAGS
    CMAKE_C_COMPILER
    CMAKE_C_FLAGS
    CMAKE_EXE_LINKER_FLAGS
    CMAKE_SHARED_LINKER_FLAGS
    ROSIDL_RUNTIME_C_ENABLE_FUZZ


---
Finished <<< ament_cmake_include_directories [0.87s]
Starting >>> ament_cmake_target_dependencies
Finished <<< ament_pep257 [0.93s]
Starting >>> ament_copyright
--- stderr: ament_cmake_export_interfaces
CMake Warning:
  Manually-specified variables were not used by the project:

    CMAKE_CXX_COMPILER
    CMAKE_CXX_FLAGS
    CMAKE_C_COMPILER
    CMAKE_C_FLAGS
    CMAKE_EXE_LINKER_FLAGS
    CMAKE_SHARED_LINKER_FLAGS
    ROSIDL_RUNTIME_C_ENABLE_FUZZ


---
Finished <<< ament_cmake_export_interfaces [0.66s]
--- stderr: ament_cmake_export_targets
CMake Warning:
  Manually-specified variables were not used by the project:

    CMAKE_CXX_COMPILER
    CMAKE_CXX_FLAGS
    CMAKE_C_COMPILER
    CMAKE_C_FLAGS
    CMAKE_EXE_LINKER_FLAGS
    CMAKE_SHARED_LINKER_FLAGS
    ROSIDL_RUNTIME_C_ENABLE_FUZZ


---
Finished <<< ament_cmake_export_targets [0.69s]
--- stderr: ament_cmake_target_dependencies
CMake Warning:
  Manually-specified variables were not used by the project:

    CMAKE_CXX_COMPILER
    CMAKE_CXX_FLAGS
    CMAKE_C_COMPILER
    CMAKE_C_FLAGS
    CMAKE_EXE_LINKER_FLAGS
    CMAKE_SHARED_LINKER_FLAGS
    ROSIDL_RUNTIME_C_ENABLE_FUZZ


---
Finished <<< ament_cmake_target_dependencies [0.55s]
--- stderr: ament_cmake_export_dependencies
CMake Warning:
  Manually-specified variables were not used by the project:

    CMAKE_CXX_COMPILER
    CMAKE_CXX_FLAGS
    CMAKE_C_COMPILER
    CMAKE_C_FLAGS
    CMAKE_EXE_LINKER_FLAGS
    CMAKE_SHARED_LINKER_FLAGS
    ROSIDL_RUNTIME_C_ENABLE_FUZZ


---
Finished <<< ament_cmake_export_dependencies [0.66s]
Finished <<< osrf_testing_tools_cpp [3.32s]
--- stderr: osrf_testing_tools_cpp
CMake Warning:
  Manually-specified variables were not used by the project:

    ROSIDL_RUNTIME_C_ENABLE_FUZZ


---
--- stderr: ament_cmake_test
CMake Warning:
  Manually-specified variables were not used by the project:

    CMAKE_CXX_COMPILER
    CMAKE_CXX_FLAGS
    CMAKE_C_COMPILER
    CMAKE_C_FLAGS
    CMAKE_EXE_LINKER_FLAGS
    CMAKE_SHARED_LINKER_FLAGS
    ROSIDL_RUNTIME_C_ENABLE_FUZZ


---
Finished <<< ament_cmake_test [0.77s]
Starting >>> ament_cmake_gtest
Starting >>> ament_lint_auto
Starting >>> ament_cmake_pytest
Finished <<< ament_copyright [0.65s]
Starting >>> ament_lint_cmake
Starting >>> ament_cpplint
Starting >>> ament_xmllint
Starting >>> ament_index_python
Starting >>> domain_coordinator
--- stderr: ament_lint_auto
CMake Warning:
  Manually-specified variables were not used by the project:

    CMAKE_CXX_COMPILER
    CMAKE_CXX_FLAGS
    CMAKE_C_COMPILER
    CMAKE_C_FLAGS
    CMAKE_EXE_LINKER_FLAGS
    CMAKE_SHARED_LINKER_FLAGS
    ROSIDL_RUNTIME_C_ENABLE_FUZZ


---
Finished <<< ament_lint_auto [0.84s]
--- stderr: ament_cmake_pytest
CMake Warning:
  Manually-specified variables were not used by the project:

    CMAKE_CXX_COMPILER
    CMAKE_CXX_FLAGS
    CMAKE_C_COMPILER
    CMAKE_C_FLAGS
    CMAKE_EXE_LINKER_FLAGS
    CMAKE_SHARED_LINKER_FLAGS
    ROSIDL_RUNTIME_C_ENABLE_FUZZ


---
Finished <<< ament_cmake_pytest [0.85s]
--- stderr: ament_cmake_gtest
CMake Warning:
  Manually-specified variables were not used by the project:

    CMAKE_CXX_COMPILER
    CMAKE_CXX_FLAGS
    CMAKE_C_COMPILER
    CMAKE_C_FLAGS
    CMAKE_EXE_LINKER_FLAGS
    CMAKE_SHARED_LINKER_FLAGS
    ROSIDL_RUNTIME_C_ENABLE_FUZZ


---
Finished <<< ament_cmake_gtest [0.87s]
Starting >>> ament_cmake_gen_version_h
Starting >>> ament_cmake_gmock
Finished <<< ament_cmake_gmock [0.50s]
--- stderr: ament_cmake_gmock
CMake Warning:
  Manually-specified variables were not used by the project:

    CMAKE_CXX_COMPILER
    CMAKE_CXX_FLAGS
    CMAKE_C_COMPILER
    CMAKE_C_FLAGS
    CMAKE_EXE_LINKER_FLAGS
    CMAKE_SHARED_LINKER_FLAGS
    ROSIDL_RUNTIME_C_ENABLE_FUZZ


---
Finished <<< ament_index_python [1.25s]
Starting >>> launch
Finished <<< ament_lint_cmake [1.29s]
Finished <<< ament_xmllint [1.29s]
Starting >>> ament_cmake_lint_cmake
Finished <<< ament_cpplint [1.31s]
Finished <<< domain_coordinator [1.42s]
--- stderr: ament_cmake_gen_version_h
CMake Warning:
  Manually-specified variables were not used by the project:

    ROSIDL_RUNTIME_C_ENABLE_FUZZ


---
Finished <<< ament_cmake_gen_version_h [0.88s]
Starting >>> ament_cmake
--- stderr: ament_cmake_lint_cmake
CMake Warning:
  Manually-specified variables were not used by the project:

    CMAKE_CXX_COMPILER
    CMAKE_CXX_FLAGS
    CMAKE_C_COMPILER
    CMAKE_C_FLAGS
    CMAKE_EXE_LINKER_FLAGS
    CMAKE_SHARED_LINKER_FLAGS
    ROSIDL_RUNTIME_C_ENABLE_FUZZ


---
Finished <<< ament_cmake_lint_cmake [0.44s]
Starting >>> ament_cmake_copyright
Finished <<< launch [0.62s]
Starting >>> launch_xml
Starting >>> launch_yaml
--- stderr: ament_cmake
CMake Warning:
  Manually-specified variables were not used by the project:

    CMAKE_CXX_COMPILER
    CMAKE_CXX_FLAGS
    CMAKE_C_COMPILER
    CMAKE_C_FLAGS
    CMAKE_EXE_LINKER_FLAGS
    CMAKE_SHARED_LINKER_FLAGS
    ROSIDL_RUNTIME_C_ENABLE_FUZZ


---
Finished <<< ament_cmake [0.55s]
Starting >>> uncrustify_vendor
--- stderr: ament_cmake_copyright
CMake Warning:
  Manually-specified variables were not used by the project:

    CMAKE_CXX_COMPILER
    CMAKE_CXX_FLAGS
    CMAKE_C_COMPILER
    CMAKE_C_FLAGS
    CMAKE_EXE_LINKER_FLAGS
    CMAKE_SHARED_LINKER_FLAGS
    ROSIDL_RUNTIME_C_ENABLE_FUZZ


---
Finished <<< ament_cmake_copyright [0.44s]
Starting >>> ament_cmake_cppcheck
Starting >>> ament_cmake_cpplint
Starting >>> ament_cmake_flake8
Starting >>> ament_cmake_pep257
Starting >>> ament_cmake_xmllint
--- stderr: ament_cmake_cpplint
CMake Warning:
  Manually-specified variables were not used by the project:

    CMAKE_CXX_COMPILER
    CMAKE_CXX_FLAGS
    CMAKE_C_COMPILER
    CMAKE_C_FLAGS
    CMAKE_EXE_LINKER_FLAGS
    CMAKE_SHARED_LINKER_FLAGS
    ROSIDL_RUNTIME_C_ENABLE_FUZZ


---
Finished <<< ament_cmake_cpplint [0.49s]
--- stderr: ament_cmake_cppcheck
CMake Warning:
  Manually-specified variables were not used by the project:

    CMAKE_CXX_COMPILER
    CMAKE_CXX_FLAGS
    CMAKE_C_COMPILER
    CMAKE_C_FLAGS
    CMAKE_EXE_LINKER_FLAGS
    CMAKE_SHARED_LINKER_FLAGS
    ROSIDL_RUNTIME_C_ENABLE_FUZZ


---
Finished <<< ament_cmake_cppcheck [0.53s]
--- stderr: ament_cmake_flake8
CMake Warning:
  Manually-specified variables were not used by the project:

    CMAKE_CXX_COMPILER
    CMAKE_CXX_FLAGS
    CMAKE_C_COMPILER
    CMAKE_C_FLAGS
    CMAKE_EXE_LINKER_FLAGS
    CMAKE_SHARED_LINKER_FLAGS
    ROSIDL_RUNTIME_C_ENABLE_FUZZ


---
Finished <<< ament_cmake_flake8 [0.55s]
--- stderr: ament_cmake_pep257
CMake Warning:
  Manually-specified variables were not used by the project:

    CMAKE_CXX_COMPILER
    CMAKE_CXX_FLAGS
    CMAKE_C_COMPILER
    CMAKE_C_FLAGS
    CMAKE_EXE_LINKER_FLAGS
    CMAKE_SHARED_LINKER_FLAGS
    ROSIDL_RUNTIME_C_ENABLE_FUZZ


---
Finished <<< ament_cmake_pep257 [0.56s]
--- stderr: ament_cmake_xmllint
CMake Warning:
  Manually-specified variables were not used by the project:

    CMAKE_CXX_COMPILER
    CMAKE_CXX_FLAGS
    CMAKE_C_COMPILER
    CMAKE_C_FLAGS
    CMAKE_EXE_LINKER_FLAGS
    CMAKE_SHARED_LINKER_FLAGS
    ROSIDL_RUNTIME_C_ENABLE_FUZZ


---
Finished <<< ament_cmake_xmllint [0.57s]
Finished <<< launch_xml [0.88s]
Finished <<< launch_yaml [0.88s]
Starting >>> launch_testing
--- stderr: uncrustify_vendor
CMake Warning:
  Manually-specified variables were not used by the project:

    ROSIDL_RUNTIME_C_ENABLE_FUZZ


---
Finished <<< uncrustify_vendor [0.87s]
Starting >>> ament_uncrustify
Finished <<< launch_testing [0.56s]
Finished <<< ament_uncrustify [0.47s]
Starting >>> ament_cmake_uncrustify
--- stderr: ament_cmake_uncrustify
CMake Warning:
  Manually-specified variables were not used by the project:

    CMAKE_CXX_COMPILER
    CMAKE_CXX_FLAGS
    CMAKE_C_COMPILER
    CMAKE_C_FLAGS
    CMAKE_EXE_LINKER_FLAGS
    CMAKE_SHARED_LINKER_FLAGS
    ROSIDL_RUNTIME_C_ENABLE_FUZZ


---
Finished <<< ament_cmake_uncrustify [0.30s]
Starting >>> ament_lint_common
--- stderr: ament_lint_common
CMake Warning:
  Manually-specified variables were not used by the project:

    CMAKE_CXX_COMPILER
    CMAKE_CXX_FLAGS
    CMAKE_C_COMPILER
    CMAKE_C_FLAGS
    CMAKE_EXE_LINKER_FLAGS
    CMAKE_SHARED_LINKER_FLAGS
    ROSIDL_RUNTIME_C_ENABLE_FUZZ


---
Finished <<< ament_lint_common [0.73s]
Starting >>> python_cmake_module
Starting >>> ament_cmake_ros
Starting >>> mimick_vendor
Starting >>> rosidl_typesupport_interface
--- stderr: python_cmake_module
CMake Warning:
  Manually-specified variables were not used by the project:

    CMAKE_CXX_COMPILER
    CMAKE_CXX_FLAGS
    CMAKE_C_COMPILER
    CMAKE_C_FLAGS
    CMAKE_EXE_LINKER_FLAGS
    CMAKE_SHARED_LINKER_FLAGS
    ROSIDL_RUNTIME_C_ENABLE_FUZZ


---
Finished <<< python_cmake_module [0.55s]
Starting >>> launch_testing_ament_cmake
--- stderr: rosidl_typesupport_interface
CMake Warning:
  Manually-specified variables were not used by the project:

    CMAKE_CXX_COMPILER
    CMAKE_CXX_FLAGS
    CMAKE_C_COMPILER
    CMAKE_C_FLAGS
    CMAKE_EXE_LINKER_FLAGS
    CMAKE_SHARED_LINKER_FLAGS
    ROSIDL_RUNTIME_C_ENABLE_FUZZ


---
Finished <<< rosidl_typesupport_interface [0.56s]
--- stderr: ament_cmake_ros
CMake Warning:
  Manually-specified variables were not used by the project:

    CMAKE_CXX_COMPILER
    CMAKE_CXX_FLAGS
    CMAKE_C_COMPILER
    CMAKE_C_FLAGS
    CMAKE_EXE_LINKER_FLAGS
    CMAKE_SHARED_LINKER_FLAGS
    ROSIDL_RUNTIME_C_ENABLE_FUZZ


---
Finished <<< ament_cmake_ros [0.60s]
Finished <<< launch_testing_ament_cmake [0.70s]
--- stderr: launch_testing_ament_cmake
CMake Warning:
  Manually-specified variables were not used by the project:

    ROSIDL_RUNTIME_C_ENABLE_FUZZ


---
--- stderr: google_benchmark_vendor
CMake Warning:
  Manually-specified variables were not used by the project:

    BUILD_TESTING
    CMAKE_C_COMPILER
    CMAKE_C_FLAGS
    ROSIDL_RUNTIME_C_ENABLE_FUZZ


Cloning into 'benchmark-1.5.3'...
HEAD is now at c05843a [sysinfo] Fix CPU Frequency reading on AMD Ryzen CPU's (#1117)
---
Finished <<< google_benchmark_vendor [10.1s]
Starting >>> ament_cmake_google_benchmark
--- stderr: ament_cmake_google_benchmark
CMake Warning:
  Manually-specified variables were not used by the project:

    CMAKE_CXX_COMPILER
    CMAKE_CXX_FLAGS
    CMAKE_C_COMPILER
    CMAKE_C_FLAGS
    CMAKE_EXE_LINKER_FLAGS
    CMAKE_SHARED_LINKER_FLAGS
    ROSIDL_RUNTIME_C_ENABLE_FUZZ


---
Finished <<< ament_cmake_google_benchmark [0.47s]
Starting >>> performance_test_fixture
--- stderr: performance_test_fixture
CMake Warning:
  Manually-specified variables were not used by the project:

    CMAKE_C_COMPILER
    CMAKE_C_FLAGS
    ROSIDL_RUNTIME_C_ENABLE_FUZZ


---
Finished <<< performance_test_fixture [1.15s]
--- stderr: mimick_vendor
CMake Warning:
  Manually-specified variables were not used by the project:

    ROSIDL_RUNTIME_C_ENABLE_FUZZ


Cloning into 'mimick-de11f8377eb95f932a03707b583bf3d4ce5bd3e7'...
HEAD is now at de11f83 Support raspberry pi zero (#21)
---
Finished <<< mimick_vendor [4.00s]
Starting >>> rcutils
--- stderr: rcutils
CMake Warning:
  Manually-specified variables were not used by the project:

    ROSIDL_RUNTIME_C_ENABLE_FUZZ


---
Finished <<< rcutils [1.22s]
Starting >>> rosidl_runtime_c
--- stderr: rosidl_runtime_c
CMake Warning:
  Manually-specified variables were not used by the project:

    CMAKE_CXX_COMPILER
    CMAKE_CXX_FLAGS


/ws/src/ros2/rosidl/rosidl_runtime_c/fuzz/fuzzer.c:16:10: fatal error: 'sstream' file not found
#include <sstream>
         ^~~~~~~~~
1 error generated.
gmake[2]: *** [CMakeFiles/fuzzer.dir/build.make:76: CMakeFiles/fuzzer.dir/fuzz/fuzzer.c.o] Error 1
gmake[1]: *** [CMakeFiles/Makefile2:165: CMakeFiles/fuzzer.dir/all] Error 2
gmake: *** [Makefile:146: all] Error 2
---
Failed   <<< rosidl_runtime_c [0.61s, exited with code 2]

Summary: 60 packages finished [14.8s]
  1 package failed: rosidl_runtime_c
  43 packages had stderr output: ament_cmake ament_cmake_copyright ament_cmake_core ament_cmake_cppcheck ament_cmake_cpplint ament_cmake_export_definitions ament_cmake_export_dependencies ament_cmake_export_include_directories ament_cmake_export_interfaces ament_cmake_export_libraries ament_cmake_export_link_flags ament_cmake_export_targets ament_cmake_flake8 ament_cmake_gen_version_h ament_cmake_gmock ament_cmake_google_benchmark ament_cmake_gtest ament_cmake_include_directories ament_cmake_libraries ament_cmake_lint_cmake ament_cmake_pep257 ament_cmake_pytest ament_cmake_python ament_cmake_ros ament_cmake_target_dependencies ament_cmake_test ament_cmake_uncrustify ament_cmake_version ament_cmake_xmllint ament_lint_auto ament_lint_common gmock_vendor google_benchmark_vendor gtest_vendor launch_testing_ament_cmake mimick_vendor osrf_testing_tools_cpp performance_test_fixture python_cmake_module rcutils rosidl_runtime_c rosidl_typesupport_interface uncrustify_vendor
